<?xml version="1.0" encoding="UTF-8"?>
<testng-results skipped="0" failed="0" ignored="0" total="1" passed="1">
  <reporter-output>
  </reporter-output>
  <suite name="PtcHomeTest" duration-ms="35055" started-at="2019-08-13T19:07:07Z" finished-at="2019-08-13T19:07:42Z">
    <groups>
    </groups>
    <test name="Command line test" duration-ms="35055" started-at="2019-08-13T19:07:07Z" finished-at="2019-08-13T19:07:42Z">
      <class name="PtcHomeTest">
        <test-method status="PASS" signature="setup()[pri:0, instance:PtcHomeTest@3f3afe78]" name="setup" is-config="true" duration-ms="12891" started-at="2019-08-13T19:07:07Z" finished-at="2019-08-13T19:07:20Z">
          <reporter-output>
          </reporter-output>
        </test-method> <!-- setup -->
        <test-method status="PASS" signature="testHomeNavigation()[pri:0, instance:PtcHomeTest@3f3afe78]" name="testHomeNavigation" duration-ms="20560" started-at="2019-08-13T19:07:20Z" finished-at="2019-08-13T19:07:41Z">
          <reporter-output>
          </reporter-output>
        </test-method> <!-- testHomeNavigation -->
        <test-method status="PASS" signature="closeSetup()[pri:0, instance:PtcHomeTest@3f3afe78]" name="closeSetup" is-config="true" duration-ms="1532" started-at="2019-08-13T19:07:41Z" finished-at="2019-08-13T19:07:42Z">
          <reporter-output>
          </reporter-output>
        </test-method> <!-- closeSetup -->
      </class> <!-- PtcHomeTest -->
    </test> <!-- Command line test -->
  </suite> <!-- PtcHomeTest -->
</testng-results>
